<?xml version="1.0" encoding="UTF-8"?>
<testsuite name="spring.web.IndexControllerTest" tests="1" skipped="0" failures="0" errors="0" timestamp="2022-02-20T10:39:19" hostname="jooky.local" time="0.104">
  <properties/>
  <testcase name="메인페이지_로딩" classname="spring.web.IndexControllerTest" time="0.104"/>
  <system-out><![CDATA[19:39:17.372 [Test worker] DEBUG org.springframework.test.context.junit4.SpringJUnit4ClassRunner - SpringJUnit4ClassRunner constructor called with [class spring.web.IndexControllerTest]
19:39:17.376 [Test worker] DEBUG org.springframework.test.context.BootstrapUtils - Instantiating CacheAwareContextLoaderDelegate from class [org.springframework.test.context.cache.DefaultCacheAwareContextLoaderDelegate]
19:39:17.380 [Test worker] DEBUG org.springframework.test.context.BootstrapUtils - Instantiating BootstrapContext using constructor [public org.springframework.test.context.support.DefaultBootstrapContext(java.lang.Class,org.springframework.test.context.CacheAwareContextLoaderDelegate)]
19:39:17.389 [Test worker] DEBUG org.springframework.test.context.BootstrapUtils - Instantiating TestContextBootstrapper for test class [spring.web.IndexControllerTest] from class [org.springframework.boot.test.context.SpringBootTestContextBootstrapper]
19:39:17.394 [Test worker] INFO org.springframework.boot.test.context.SpringBootTestContextBootstrapper - Neither @ContextConfiguration nor @ContextHierarchy found for test class [spring.web.IndexControllerTest], using SpringBootContextLoader
19:39:17.396 [Test worker] DEBUG org.springframework.test.context.support.AbstractContextLoader - Did not detect default resource location for test class [spring.web.IndexControllerTest]: class path resource [spring/web/IndexControllerTest-context.xml] does not exist
19:39:17.396 [Test worker] DEBUG org.springframework.test.context.support.AbstractContextLoader - Did not detect default resource location for test class [spring.web.IndexControllerTest]: class path resource [spring/web/IndexControllerTestContext.groovy] does not exist
19:39:17.396 [Test worker] INFO org.springframework.test.context.support.AbstractContextLoader - Could not detect default resource locations for test class [spring.web.IndexControllerTest]: no resource found for suffixes {-context.xml, Context.groovy}.
19:39:17.396 [Test worker] INFO org.springframework.test.context.support.AnnotationConfigContextLoaderUtils - Could not detect default configuration classes for test class [spring.web.IndexControllerTest]: IndexControllerTest does not declare any static, non-private, non-final, nested classes annotated with @Configuration.
19:39:17.417 [Test worker] DEBUG org.springframework.test.context.support.ActiveProfilesUtils - Could not find an 'annotation declaring class' for annotation type [org.springframework.test.context.ActiveProfiles] and class [spring.web.IndexControllerTest]
19:39:17.468 [Test worker] DEBUG org.springframework.context.annotation.ClassPathScanningCandidateComponentProvider - Identified candidate component class: file [/Users/jookwonyoung/study/springboot/build/classes/java/main/spring/Application.class]
19:39:17.469 [Test worker] INFO org.springframework.boot.test.context.SpringBootTestContextBootstrapper - Found @SpringBootConfiguration spring.Application for test class spring.web.IndexControllerTest
19:39:17.508 [Test worker] DEBUG org.springframework.boot.test.context.SpringBootTestContextBootstrapper - @TestExecutionListeners is not present for class [spring.web.IndexControllerTest]: using defaults.
19:39:17.508 [Test worker] INFO org.springframework.boot.test.context.SpringBootTestContextBootstrapper - Loaded default TestExecutionListener class names from location [META-INF/spring.factories]: [org.springframework.boot.test.autoconfigure.restdocs.RestDocsTestExecutionListener, org.springframework.boot.test.autoconfigure.web.client.MockRestServiceServerResetTestExecutionListener, org.springframework.boot.test.autoconfigure.web.servlet.MockMvcPrintOnlyOnFailureTestExecutionListener, org.springframework.boot.test.autoconfigure.web.servlet.WebDriverTestExecutionListener, org.springframework.boot.test.mock.mockito.MockitoTestExecutionListener, org.springframework.boot.test.mock.mockito.ResetMocksTestExecutionListener, org.springframework.test.context.web.ServletTestExecutionListener, org.springframework.test.context.support.DirtiesContextBeforeModesTestExecutionListener, org.springframework.test.context.support.DependencyInjectionTestExecutionListener, org.springframework.test.context.support.DirtiesContextTestExecutionListener, org.springframework.test.context.transaction.TransactionalTestExecutionListener, org.springframework.test.context.jdbc.SqlScriptsTestExecutionListener]
19:39:17.515 [Test worker] INFO org.springframework.boot.test.context.SpringBootTestContextBootstrapper - Using TestExecutionListeners: [org.springframework.test.context.web.ServletTestExecutionListener@2e3095d8, org.springframework.test.context.support.DirtiesContextBeforeModesTestExecutionListener@c5487af, org.springframework.boot.test.mock.mockito.MockitoTestExecutionListener@663193fa, org.springframework.boot.test.autoconfigure.SpringBootDependencyInjectionTestExecutionListener@602637ca, org.springframework.test.context.support.DirtiesContextTestExecutionListener@4a92e043, org.springframework.test.context.transaction.TransactionalTestExecutionListener@62d36f41, org.springframework.test.context.jdbc.SqlScriptsTestExecutionListener@8979ea2, org.springframework.boot.test.autoconfigure.restdocs.RestDocsTestExecutionListener@59de601d, org.springframework.boot.test.autoconfigure.web.client.MockRestServiceServerResetTestExecutionListener@413139d, org.springframework.boot.test.autoconfigure.web.servlet.MockMvcPrintOnlyOnFailureTestExecutionListener@7dc3cd39, org.springframework.boot.test.autoconfigure.web.servlet.WebDriverTestExecutionListener@49153ead, org.springframework.boot.test.mock.mockito.ResetMocksTestExecutionListener@63e1611a]
19:39:17.516 [Test worker] DEBUG org.springframework.test.annotation.ProfileValueUtils - Retrieved @ProfileValueSourceConfiguration [null] for test class [spring.web.IndexControllerTest]
19:39:17.516 [Test worker] DEBUG org.springframework.test.annotation.ProfileValueUtils - Retrieved ProfileValueSource type [class org.springframework.test.annotation.SystemProfileValueSource] for class [spring.web.IndexControllerTest]
19:39:17.518 [Test worker] DEBUG org.springframework.test.annotation.ProfileValueUtils - Retrieved @ProfileValueSourceConfiguration [null] for test class [spring.web.IndexControllerTest]
19:39:17.518 [Test worker] DEBUG org.springframework.test.annotation.ProfileValueUtils - Retrieved ProfileValueSource type [class org.springframework.test.annotation.SystemProfileValueSource] for class [spring.web.IndexControllerTest]
19:39:17.518 [Test worker] DEBUG org.springframework.test.annotation.ProfileValueUtils - Retrieved @ProfileValueSourceConfiguration [null] for test class [spring.web.IndexControllerTest]
19:39:17.518 [Test worker] DEBUG org.springframework.test.annotation.ProfileValueUtils - Retrieved ProfileValueSource type [class org.springframework.test.annotation.SystemProfileValueSource] for class [spring.web.IndexControllerTest]
19:39:17.520 [Test worker] DEBUG org.springframework.test.context.support.AbstractDirtiesContextTestExecutionListener - Before test class: context [DefaultTestContext@31dc5a8 testClass = IndexControllerTest, testInstance = [null], testMethod = [null], testException = [null], mergedContextConfiguration = [WebMergedContextConfiguration@6acde616 testClass = IndexControllerTest, locations = '{}', classes = '{class spring.Application}', contextInitializerClasses = '[]', activeProfiles = '{}', propertySourceLocations = '{}', propertySourceProperties = '{org.springframework.boot.test.context.SpringBootTestContextBootstrapper=true, server.port=0}', contextCustomizers = set[org.springframework.boot.test.autoconfigure.properties.PropertyMappingContextCustomizer@0, org.springframework.boot.test.autoconfigure.web.servlet.WebDriverContextCustomizerFactory$Customizer@6c6bdcf7, org.springframework.boot.test.context.filter.ExcludeFilterContextCustomizer@3c5dcc09, org.springframework.boot.test.json.DuplicateJsonObjectContextCustomizerFactory$DuplicateJsonObjectContextCustomizer@e55efa3, org.springframework.boot.test.mock.mockito.MockitoContextCustomizer@0, org.springframework.boot.test.web.client.TestRestTemplateContextCustomizer@582c5547], resourceBasePath = 'src/main/webapp', contextLoader = 'org.springframework.boot.test.context.SpringBootContextLoader', parent = [null]], attributes = map['org.springframework.test.context.web.ServletTestExecutionListener.activateListener' -> false]], class annotated with @DirtiesContext [false] with mode [null].
19:39:17.520 [Test worker] DEBUG org.springframework.test.annotation.ProfileValueUtils - Retrieved @ProfileValueSourceConfiguration [null] for test class [spring.web.IndexControllerTest]
19:39:17.520 [Test worker] DEBUG org.springframework.test.annotation.ProfileValueUtils - Retrieved ProfileValueSource type [class org.springframework.test.annotation.SystemProfileValueSource] for class [spring.web.IndexControllerTest]
19:39:17.522 [Test worker] DEBUG org.springframework.test.context.support.DependencyInjectionTestExecutionListener - Performing dependency injection for test context [[DefaultTestContext@31dc5a8 testClass = IndexControllerTest, testInstance = spring.web.IndexControllerTest@5555238a, testMethod = [null], testException = [null], mergedContextConfiguration = [WebMergedContextConfiguration@6acde616 testClass = IndexControllerTest, locations = '{}', classes = '{class spring.Application}', contextInitializerClasses = '[]', activeProfiles = '{}', propertySourceLocations = '{}', propertySourceProperties = '{org.springframework.boot.test.context.SpringBootTestContextBootstrapper=true, server.port=0}', contextCustomizers = set[org.springframework.boot.test.autoconfigure.properties.PropertyMappingContextCustomizer@0, org.springframework.boot.test.autoconfigure.web.servlet.WebDriverContextCustomizerFactory$Customizer@6c6bdcf7, org.springframework.boot.test.context.filter.ExcludeFilterContextCustomizer@3c5dcc09, org.springframework.boot.test.json.DuplicateJsonObjectContextCustomizerFactory$DuplicateJsonObjectContextCustomizer@e55efa3, org.springframework.boot.test.mock.mockito.MockitoContextCustomizer@0, org.springframework.boot.test.web.client.TestRestTemplateContextCustomizer@582c5547], resourceBasePath = 'src/main/webapp', contextLoader = 'org.springframework.boot.test.context.SpringBootContextLoader', parent = [null]], attributes = map['org.springframework.test.context.web.ServletTestExecutionListener.activateListener' -> false]]].
19:39:17.534 [Test worker] DEBUG org.springframework.test.context.support.TestPropertySourceUtils - Adding inlined properties to environment: {spring.jmx.enabled=false, org.springframework.boot.test.context.SpringBootTestContextBootstrapper=true, server.port=0}

  .   ____          _            __ _ _
 /\\ / ___'_ __ _ _(_)_ __  __ _ \ \ \ \
( ( )\___ | '_ | '_| | '_ \/ _` | \ \ \ \
 \\/  ___)| |_)| | | | | || (_| |  ) ) ) )
  '  |____| .__|_| |_|_| |_\__, | / / / /
 =========|_|==============|___/=/_/_/_/
 :: Spring Boot ::        (v2.1.7.RELEASE)

2022-02-20 19:39:17.803  INFO 11200 --- [    Test worker] spring.web.IndexControllerTest           : Starting IndexControllerTest on jooky.local with PID 11200 (started by jookwonyoung in /Users/jookwonyoung/study/springboot)
2022-02-20 19:39:17.805  INFO 11200 --- [    Test worker] spring.web.IndexControllerTest           : No active profile set, falling back to default profiles: default
2022-02-20 19:39:18.124  INFO 11200 --- [    Test worker] .s.d.r.c.RepositoryConfigurationDelegate : Bootstrapping Spring Data repositories in DEFAULT mode.
2022-02-20 19:39:18.151  INFO 11200 --- [    Test worker] .s.d.r.c.RepositoryConfigurationDelegate : Finished Spring Data repository scanning in 24ms. Found 1 repository interfaces.
2022-02-20 19:39:18.367  INFO 11200 --- [    Test worker] trationDelegate$BeanPostProcessorChecker : Bean 'org.springframework.transaction.annotation.ProxyTransactionManagementConfiguration' of type [org.springframework.transaction.annotation.ProxyTransactionManagementConfiguration$$EnhancerBySpringCGLIB$$2def67a6] is not eligible for getting processed by all BeanPostProcessors (for example: not eligible for auto-proxying)
2022-02-20 19:39:18.557  INFO 11200 --- [    Test worker] o.s.b.w.embedded.tomcat.TomcatWebServer  : Tomcat initialized with port(s): 0 (http)
2022-02-20 19:39:18.569  INFO 11200 --- [    Test worker] o.apache.catalina.core.StandardService   : Starting service [Tomcat]
2022-02-20 19:39:18.569  INFO 11200 --- [    Test worker] org.apache.catalina.core.StandardEngine  : Starting Servlet engine: [Apache Tomcat/9.0.22]
2022-02-20 19:39:18.619  INFO 11200 --- [    Test worker] o.a.c.c.C.[Tomcat].[localhost].[/]       : Initializing Spring embedded WebApplicationContext
2022-02-20 19:39:18.619  INFO 11200 --- [    Test worker] o.s.web.context.ContextLoader            : Root WebApplicationContext: initialization completed in 804 ms
2022-02-20 19:39:18.733  INFO 11200 --- [    Test worker] com.zaxxer.hikari.HikariDataSource       : HikariPool-1 - Starting...
2022-02-20 19:39:18.809  INFO 11200 --- [    Test worker] com.zaxxer.hikari.HikariDataSource       : HikariPool-1 - Start completed.
2022-02-20 19:39:18.855  INFO 11200 --- [    Test worker] o.hibernate.jpa.internal.util.LogHelper  : HHH000204: Processing PersistenceUnitInfo [
	name: default
	...]
2022-02-20 19:39:18.885  INFO 11200 --- [    Test worker] org.hibernate.Version                    : HHH000412: Hibernate Core {5.3.10.Final}
2022-02-20 19:39:18.885  INFO 11200 --- [    Test worker] org.hibernate.cfg.Environment            : HHH000206: hibernate.properties not found
2022-02-20 19:39:18.967  INFO 11200 --- [    Test worker] o.hibernate.annotations.common.Version   : HCANN000001: Hibernate Commons Annotations {5.0.4.Final}
2022-02-20 19:39:19.034  INFO 11200 --- [    Test worker] org.hibernate.dialect.Dialect            : HHH000400: Using dialect: org.hibernate.dialect.MySQL5InnoDBDialect
Hibernate: drop table if exists posts
Hibernate: create table posts (id bigint not null auto_increment, created_date datetime, modified_date datetime, author varchar(255), content TEXT not null, title varchar(500) not null, primary key (id)) engine=InnoDB
2022-02-20 19:39:19.324  INFO 11200 --- [    Test worker] o.h.t.schema.internal.SchemaCreatorImpl  : HHH000476: Executing import script 'org.hibernate.tool.schema.internal.exec.ScriptSourceInputNonExistentImpl@7ab9d3d8'
2022-02-20 19:39:19.325  INFO 11200 --- [    Test worker] j.LocalContainerEntityManagerFactoryBean : Initialized JPA EntityManagerFactory for persistence unit 'default'
2022-02-20 19:39:19.736  INFO 11200 --- [    Test worker] o.s.s.concurrent.ThreadPoolTaskExecutor  : Initializing ExecutorService 'applicationTaskExecutor'
2022-02-20 19:39:19.766  WARN 11200 --- [    Test worker] aWebConfiguration$JpaWebMvcConfiguration : spring.jpa.open-in-view is enabled by default. Therefore, database queries may be performed during view rendering. Explicitly configure spring.jpa.open-in-view to disable this warning
2022-02-20 19:39:19.795  INFO 11200 --- [    Test worker] o.s.b.a.w.s.WelcomePageHandlerMapping    : Adding welcome page template: index
2022-02-20 19:39:19.964  INFO 11200 --- [    Test worker] o.s.b.w.embedded.tomcat.TomcatWebServer  : Tomcat started on port(s): 51225 (http) with context path ''
2022-02-20 19:39:19.966  INFO 11200 --- [    Test worker] spring.web.IndexControllerTest           : Started IndexControllerTest in 2.431 seconds (JVM running for 2.877)
2022-02-20 19:39:20.028  INFO 11200 --- [o-auto-1-exec-2] o.a.c.c.C.[Tomcat].[localhost].[/]       : Initializing Spring DispatcherServlet 'dispatcherServlet'
2022-02-20 19:39:20.028  INFO 11200 --- [o-auto-1-exec-2] o.s.web.servlet.DispatcherServlet        : Initializing Servlet 'dispatcherServlet'
2022-02-20 19:39:20.034  INFO 11200 --- [o-auto-1-exec-2] o.s.web.servlet.DispatcherServlet        : Completed initialization in 6 ms
]]></system-out>
  <system-err><![CDATA[]]></system-err>
</testsuite>
